<?xml version="1.0" encoding="UTF-8"?>
<!-- Generated by org.testng.reporters.JUnitReportReporter -->
<testsuite hostname="DESKTOP-0RR1Q60" failures="0" tests="3" name="testCases.AmzoneTestClass" time="24.717" errors="0" timestamp="2022-05-18T14:57:25 IST" skipped="0">
  <testcase classname="testCases.AmzoneTestClass" name="launchUrl" time="5.725"/>
  <system-out/>
  <testcase classname="testCases.AmzoneTestClass" name="AmazonTest" time="13.902"/>
  <system-out/>
  <testcase classname="testCases.AmzoneTestClass" name="verifyAboutItemSec" time="5.090"/>
  <system-out/>
</testsuite> <!-- testCases.AmzoneTestClass -->
